<?xml version="1.0" encoding="UTF-8"?>
<!-- Generated by org.testng.reporters.JUnitReportReporter -->
<testsuite hostname="prdcv146-W7" name="Day04.TestScript04" tests="4" failures="0" timestamp="19 Mar 2014 04:58:59 GMT" time="51.182" errors="0">
  <testcase name="testCase04" time="14.946" classname="Day04.TestScript04"/>
  <testcase name="testCase04" time="11.387" classname="Day04.TestScript04"/>
  <testcase name="testCase04" time="12.599" classname="Day04.TestScript04"/>
  <testcase name="testCase04" time="12.250" classname="Day04.TestScript04"/>
</testsuite> <!-- Day04.TestScript04 -->
