<?xml version="1.0" encoding="UTF-8"?>
<!-- Generated by org.testng.reporters.JUnitReportReporter -->
<testsuite hostname="prdcv146-W7" name="com.test.selenium.TestScript05" tests="1" failures="0" timestamp="18 Mar 2014 08:47:46 GMT" time="14.239" errors="0">
  <testcase name="testCase04" time="14.239" classname="com.test.selenium.TestScript05"/>
</testsuite> <!-- com.test.selenium.TestScript05 -->
