<?xml version="1.0" encoding="UTF-8"?>
<!-- Generated by org.testng.reporters.JUnitReportReporter -->
<testsuite hostname="PC" name="TestScript04" tests="4" failures="0" timestamp="8 Apr 2014 03:56:18 GMT" time="46.623" errors="0">
  <testcase name="testCase04" time="11.802" classname="TestScript04"/>
  <testcase name="testCase04" time="11.814" classname="TestScript04"/>
  <testcase name="testCase04" time="8.952" classname="TestScript04"/>
  <testcase name="testCase04" time="14.055" classname="TestScript04"/>
</testsuite> <!-- TestScript04 -->
