<?xml version="1.0" encoding="UTF-8"?>
<!-- Generated by org.testng.reporters.JUnitReportReporter -->
<testsuite hostname="prdcv146-W7" name="com.test.selenium.TestScript04" tests="4" failures="0" timestamp="19 Mar 2014 01:28:27 GMT" time="45.672" errors="0">
  <testcase name="testCase04" time="11.865" classname="com.test.selenium.TestScript04"/>
  <testcase name="testCase04" time="9.995" classname="com.test.selenium.TestScript04"/>
  <testcase name="testCase04" time="12.387" classname="com.test.selenium.TestScript04"/>
  <testcase name="testCase04" time="11.425" classname="com.test.selenium.TestScript04"/>
</testsuite> <!-- com.test.selenium.TestScript04 -->
