<?xml version="1.0" encoding="UTF-8"?>
<!-- Generated by org.testng.reporters.JUnitReportReporter -->
<testsuite hostname="PC" name="TestScript05" tests="4" failures="0" timestamp="8 Apr 2014 04:29:26 GMT" time="36.498" errors="0">
  <testcase name="testCase05" time="7.666" classname="TestScript05"/>
  <testcase name="testCase05" time="6.887" classname="TestScript05"/>
  <testcase name="testCase05" time="12.927" classname="TestScript05"/>
  <testcase name="testCase05" time="9.018" classname="TestScript05"/>
</testsuite> <!-- TestScript05 -->
