<?xml version="1.0" encoding="UTF-8"?>
<!-- Generated by org.testng.reporters.JUnitReportReporter -->
<testsuite hostname="PC" name="TestScript06" tests="4" failures="0" timestamp="8 Apr 2014 05:01:57 GMT" time="32.850" errors="0">
  <testcase name="testCase05" time="8.805" classname="TestScript06"/>
  <testcase name="testCase05" time="6.957" classname="TestScript06"/>
  <testcase name="testCase05" time="7.807" classname="TestScript06"/>
  <testcase name="testCase05" time="9.281" classname="TestScript06"/>
</testsuite> <!-- TestScript06 -->
